<?xml version="1.0" encoding="UTF-8"?>
<testng-results ignored="0" total="2" passed="2" failed="0" skipped="0">
  <reporter-output>
  </reporter-output>
  <suite started-at="2022-02-23T18:24:28 BDT" name="regression" finished-at="2022-02-23T18:25:00 BDT" duration-ms="31941">
    <groups>
    </groups>
    <test started-at="2022-02-23T18:24:28 BDT" name="test1" finished-at="2022-02-23T18:25:00 BDT" duration-ms="31941">
      <class name="regressiontests.dpNewTest">
        <test-method is-config="true" signature="browser(java.lang.String,java.lang.String)[pri:0, instance:regressiontests.dpNewTest@2df9b86]" started-at="2022-02-23T18:24:28 BDT" name="browser" finished-at="2022-02-23T18:24:36 BDT" duration-ms="8885" status="PASS">
          <params>
            <param index="0">
              <value>
                <![CDATA[chrome]]>
              </value>
            </param>
            <param index="1">
              <value>
                <![CDATA[https://www.facebook.com]]>
              </value>
            </param>
          </params>
          <reporter-output>
          </reporter-output>
        </test-method> <!-- browser -->
        <test-method signature="f(java.lang.String,java.lang.String)[pri:0, instance:regressiontests.dpNewTest@2df9b86]" started-at="2022-02-23T18:24:37 BDT" name="f" data-provider="dp" finished-at="2022-02-23T18:24:43 BDT" duration-ms="6698" status="PASS">
          <params>
            <param index="0">
              <value>
                <![CDATA[abc@yahoo.com]]>
              </value>
            </param>
            <param index="1">
              <value>
                <![CDATA[aaaaaaaaa]]>
              </value>
            </param>
          </params>
          <reporter-output>
          </reporter-output>
        </test-method> <!-- f -->
        <test-method signature="f(java.lang.String,java.lang.String)[pri:0, instance:regressiontests.dpNewTest@2df9b86]" started-at="2022-02-23T18:24:43 BDT" name="f" data-provider="dp" finished-at="2022-02-23T18:24:50 BDT" duration-ms="6847" status="PASS">
          <params>
            <param index="0">
              <value>
                <![CDATA[def@yahoo.com]]>
              </value>
            </param>
            <param index="1">
              <value>
                <![CDATA[bbbbbbbbb]]>
              </value>
            </param>
          </params>
          <reporter-output>
          </reporter-output>
        </test-method> <!-- f -->
        <test-method is-config="true" signature="afterTest()[pri:0, instance:regressiontests.dpNewTest@2df9b86]" started-at="2022-02-23T18:24:50 BDT" name="afterTest" finished-at="2022-02-23T18:25:00 BDT" duration-ms="9133" status="PASS">
          <reporter-output>
          </reporter-output>
        </test-method> <!-- afterTest -->
      </class> <!-- regressiontests.dpNewTest -->
    </test> <!-- test1 -->
  </suite> <!-- regression -->
</testng-results>
